\BOOKMARK [1][-]{section.1}{Preliminary Algebra}{}% 1
\BOOKMARK [2][-]{subsection.1.1}{Coordinate Geometry}{section.1}% 2
\BOOKMARK [2][-]{subsection.1.2}{Logarithms and Exponentials}{section.1}% 3
\BOOKMARK [2][-]{subsection.1.3}{Binomial Expansion}{section.1}% 4
\BOOKMARK [1][-]{section.2}{Trigonometry}{}% 5
\BOOKMARK [2][-]{subsection.2.1}{Common Values and the Unit Circle}{section.2}% 6
\BOOKMARK [2][-]{subsection.2.2}{Pythagorean Identities}{section.2}% 7
\BOOKMARK [2][-]{subsection.2.3}{Double Angle Formulae}{section.2}% 8
\BOOKMARK [2][-]{subsection.2.4}{Sum and Difference Formulae}{section.2}% 9
\BOOKMARK [2][-]{subsection.2.5}{Sum to Product Formulae}{section.2}% 10
\BOOKMARK [2][-]{subsection.2.6}{Product to Sum Formulae}{section.2}% 11
\BOOKMARK [2][-]{subsection.2.7}{Laws of Sines and Cosines}{section.2}% 12
\BOOKMARK [2][-]{subsection.2.8}{Inverse Trigonometric Functions}{section.2}% 13
\BOOKMARK [2][-]{subsection.2.9}{Trigonometry in the Complex Plane}{section.2}% 14
\BOOKMARK [2][-]{subsection.2.10}{Hyperbolic Identities}{section.2}% 15
\BOOKMARK [2][-]{subsection.2.11}{Inverse Hyperbolic Functions}{section.2}% 16
\BOOKMARK [1][-]{section.3}{Vector Algebra}{}% 17
\BOOKMARK [2][-]{subsection.3.1}{Scalar Product}{section.3}% 18
\BOOKMARK [2][-]{subsection.3.2}{Vector Product}{section.3}% 19
\BOOKMARK [2][-]{subsection.3.3}{Triple Products}{section.3}% 20
\BOOKMARK [2][-]{subsection.3.4}{Equations of lines, planes and spheres}{section.3}% 21
\BOOKMARK [1][-]{section.4}{Limits}{}% 22
\BOOKMARK [2][-]{subsection.4.1}{Precise Definition of a Limit}{section.4}% 23
\BOOKMARK [2][-]{subsection.4.2}{Common Limits}{section.4}% 24
\BOOKMARK [2][-]{subsection.4.3}{L'H\364pital's Rule}{section.4}% 25
\BOOKMARK [1][-]{section.5}{Sequences and Series}{}% 26
\BOOKMARK [2][-]{subsection.5.1}{Common Summation Formulae}{section.5}% 27
\BOOKMARK [2][-]{subsection.5.2}{Geometric Series}{section.5}% 28
\BOOKMARK [2][-]{subsection.5.3}{Power-Series}{section.5}% 29
\BOOKMARK [2][-]{subsection.5.4}{Series Convergence Tests}{section.5}% 30
\BOOKMARK [2][-]{subsection.5.5}{Common Power Series}{section.5}% 31
\BOOKMARK [1][-]{section.6}{Differential Calculus}{}% 32
\BOOKMARK [2][-]{subsection.6.1}{Formal Definition of a derivative}{section.6}% 33
\BOOKMARK [2][-]{subsection.6.2}{Derivative Rules and Properties}{section.6}% 34
\BOOKMARK [2][-]{subsection.6.3}{Common Derivatives}{section.6}% 35
\BOOKMARK [2][-]{subsection.6.4}{Mean Value Theorem}{section.6}% 36
\BOOKMARK [2][-]{subsection.6.5}{Applications of Derivatives}{section.6}% 37
\BOOKMARK [3][-]{subsubsection.6.5.1}{Tangent to a Curve}{subsection.6.5}% 38
\BOOKMARK [3][-]{subsubsection.6.5.2}{Analysis of a Curve}{subsection.6.5}% 39
\BOOKMARK [3][-]{subsubsection.6.5.3}{Taylor Polynomials}{subsection.6.5}% 40
\BOOKMARK [2][-]{subsection.6.6}{Partial Derivatives}{section.6}% 41
\BOOKMARK [1][-]{section.7}{Integral Calculus}{}% 42
\BOOKMARK [2][-]{subsection.7.1}{Fundamental Theorem of Calculus}{section.7}% 43
\BOOKMARK [2][-]{subsection.7.2}{Common Antiderivatives and Integrals}{section.7}% 44
\BOOKMARK [1][-]{section.8}{Laplace and Fourier Transforms}{}% 45
\BOOKMARK [2][-]{subsection.8.1}{Laplace Transform}{section.8}% 46
\BOOKMARK [2][-]{subsection.8.2}{Common Laplace Transforms}{section.8}% 47
